2015-01-08;15:25:36;69.107;13.52;1.48
2015-01-08;15:30:45;336.246;7.16;1.61
2015-01-08;15:35:53;90.254;9.36;1.21
2015-01-08;15:40:46;97.125;11.16;1.44
2015-01-08;15:45:42;81.201;7.88;1.40
2015-01-08;15:50:41;38.374;12.35;1.58
2015-01-08;15:55:39;27.339;14.39;1.35
2015-01-08;16:00:45;106.566;11.38;1.58
2015-01-08;16:05:41;85.946;13.03;1.12
2015-01-08;16:10:49;111.723;10.55;1.69
2015-01-08;16:15:43;84.883;11.71;1.82
2015-01-08;16:20:44;86.861;10.27;1.41
2015-01-08;16:25:46;115.369;5.61;1.80
2015-01-08;16:30:52;116.172;5.96;0.87
2015-01-08;16:35:51;114.506;5.18;1.09
2015-01-08;16:40:34;109.274;4.89;2.13
2015-01-08;16:45:56;132.059;4.88;1.30
2015-01-08;16:50:47;109.306;5.67;1.99
2015-01-08;16:55:52;115.831;5.70;1.45
2015-01-08;17:00:51;100.81;6.84;1.40
2015-01-08;17:05:37;117.913;6.96;1.15
2015-01-08;17:10:51;101.773;5.40;1.07
2015-01-08;17:16:02;111.683;4.60;0.88
2015-01-08;17:20:54;110.371;8.52;1.46
2015-01-08;17:25:41;59.74;11.73;1.78
2015-01-08;17:30:42;111.655;10.24;1.30
2015-01-08;17:35:37;84.654;13.36;1.32
2015-01-08;17:40:39;104.279;13.15;1.60
2015-01-08;17:45:45;100.312;10.78;1.68
2015-01-08;17:52:50;116.576;9.79;1.70
2015-01-08;17:55:44;81.32;12.09;1.66
2015-01-08;18:00:45;100.103;8.06;1.33
2015-01-08;18:05:39;100.274;11.21;1.55
2015-01-08;18:10:46;107.127;11.50;1.72
2015-01-08;18:15:50;83.462;10.71;1.73
2015-01-08;18:20:40;79.153;12.78;1.75
2015-01-08;18:25:37;89.987;13.52;1.31
2015-01-08;18:30:39;91.212;11.67;1.76
2015-01-08;18:35:40;52.881;14.89;1.65
2015-01-08;18:40:47;95.472;8.48;1.37
2015-01-08;18:45:45;79.282;11.77;1.61
2015-01-08;18:50:43;80.553;10.48;1.56
2015-01-08;18:55:39;86.251;12.75;1.54
2015-01-08;19:00:43;112.085;13.73;1.36
2015-01-08;19:05:47;92.02;11.32;1.70
2015-01-08;19:10:42;91.964;11.14;1.58
2015-01-08;19:15:45;110.845;9.74;1.38
2015-01-08;19:20:46;63.155;11.48;1.67
2015-01-08;19:25:50;87.197;12.35;1.64
2015-01-08;19:30:44;93.272;10.97;1.70
2015-01-08;19:35:37;62.002;12.30;1.38
2015-01-08;19:40:37;57.148;13.62;1.70
2015-01-08;19:45:03
2015-01-08;19:50:46;78.513;10.78;1.83
2015-01-08;19:56:07;64.947;13.78;1.18
2015-01-08;20:00:44;96.252;11.76;1.34
2015-01-08;20:05:46;101.593;9.33;1.83
2015-01-08;20:10:38;65.477;14.13;1.64
2015-01-08;20:15:37;83.999;13.92;1.21
2015-01-08;20:20:42;90.461;11.51;1.80
2015-01-08;20:25:39;82.89;13.55;1.12
2015-01-08;20:30:44;54.525;9.04;1.54
2015-01-08;20:35:38;113.031;14.75;1.03
2015-01-08;20:40:47;88.385;11.36;1.56
2015-01-08;20:45:43;104.713;10.88;1.41
2015-01-08;20:50:41;91.999;12.54;1.42
2015-01-08;20:55:39;84.684;13.64;1.52
2015-01-08;21:02:47;88.42;13.26;1.13
2015-01-08;21:05:43;101.776;10.69;1.50
2015-01-08;21:10:47;53.293;10.57;1.56
2015-01-08;21:15:48;104.573;10.65;1.37
2015-01-08;21:20:52;87.208;10.69;1.67
2015-01-08;21:26:01;87.669;12.74;1.53
2015-01-08;21:30:45;82.136;5.69;1.27
2015-01-08;21:35:48;105.971;6.01;1.32
2015-01-08;21:40:44;161.714;5.62;0.98
2015-01-08;21:45:48;91.912;5.82;1.51
2015-01-08;21:50:33;182.475;2.53;1.42
2015-01-08;21:55:50;110.938;9.02;1.64
2015-01-08;22:00:42;135.203;5.36;1.84
2015-01-08;22:05:45;114.118;11.92;1.68
2015-01-08;22:10:39;96.773;9.02;1.58
2015-01-08;22:15:43;85.288;10.07;1.54
2015-01-08;22:20:56;95.673;12.68;1.52
2015-01-08;22:26:03;70.02;10.03;1.12
2015-01-08;22:30:42;77.852;7.73;1.50
2015-01-08;22:35:56;98.226;10.39;1.67
2015-01-08;22:40:42;80.411;12.74;1.47
2015-01-08;22:45:41;68.9;13.03;1.52
2015-01-08;22:50:44;91.671;9.99;1.49
2015-01-08;22:55:40;112.067;8.45;1.76
2015-01-08;23:00:57;315.189;9.20;1.54
2015-01-08;23:05:42;352.658;6.88;1.02
2015-01-08;23:10:51;129.493;5.83;1.37
2015-01-08;23:15:47;97.065;7.75;1.33
2015-01-08;23:20:50;86.315;8.56;1.18
2015-01-08;23:25:49;282.68;5.57;1.34
2015-01-08;23:31:06;96.381;7.47;1.38
2015-01-08;23:35:49;114.202;10.60;1.69
2015-01-08;23:40:42;108.566;10.60;1.43
2015-01-08;23:45:50;94.304;10.20;1.79
2015-01-08;23:50:39;62.643;15.67;1.33
2015-01-08;23:55:46;71.385;11.58;1.44
2015-01-09;00:00:41;110.283;8.23;1.39
2015-01-09;00:05:50;82.409;16.92;1.10
2015-01-09;00:10:41;94.923;14.45;1.73
2015-01-09;00:15:45;105.655;10.39;1.44
2015-01-09;00:21:13;131.42;10.39;1.62
2015-01-09;00:25:41;86.97;12.37;1.78
2015-01-09;00:30:41;106.671;8.58;1.55
2015-01-09;00:35:43;75.269;10.22;1.43
2015-01-09;00:40:45;85.444;11.55;1.73
2015-01-09;00:45:42;90.893;13.73;1.20
2015-01-09;00:50:37;104.366;7.98;1.45
2015-01-09;00:55:39;81.212;13.08;1.81
2015-01-09;01:00:47;87.017;13.42;1.58
2015-01-09;01:05:44;106.699;10.51;1.65
2015-01-09;01:10:41;88.547;10.51;1.43
2015-01-09;01:15:42;84.27;8.16;1.48
2015-01-09;01:20:44;93.747;9.53;1.76
2015-01-09;01:25:47;89.469;10.19;1.72
2015-01-09;01:30:46;89.364;12.26;1.71
2015-01-09;01:35:39;108.793;12.93;1.15
2015-01-09;01:40:48;116.367;13.57;1.39
2015-01-09;01:45:36;96.471;14.91;1.13
2015-01-09;01:50:38;102.456;13.22;1.22
2015-01-09;01:55:45;99.005;10.94;1.67
2015-01-09;02:00:49;114.449;13.19;1.50
2015-01-09;02:05:43;74.537;13.83;1.40
2015-01-09;02:10:43;101.212;11.27;1.30
2015-01-09;02:15:46;81.191;11.25;1.82
2015-01-09;02:20:37;85.404;15.73;1.16
2015-01-09;02:30:48;110.449;11.55;1.86
2015-01-09;02:30:58;59.13;13.68;1.20
2015-01-09;02:35:42;107.025;10.36;1.47
2015-01-09;02:40:50;95.81;9.92;1.48
2015-01-09;02:45:41;105.266;10.37;1.49
2015-01-09;02:50:43;107.343;11.92;1.70
2015-01-09;02:55:43;82.608;12.47;1.86
2015-01-09;03:00:42;106.421;12.31;1.58
2015-01-09;03:05:47;116.393;11.41;1.88
2015-01-09;03:10:43;91.158;9.80;1.45
2015-01-09;03:15:46;85.0;10.77;1.56
2015-01-09;03:20:42;109.781;8.36;1.45
2015-01-09;03:25:39;98.32;9.66;1.36
2015-01-09;03:30:41;93.708;11.80;1.44
2015-01-09;03:35:45;75.173;10.28;1.58
2015-01-09;03:40:45;92.448;11.33;1.69
2015-01-09;03:45:45;171.146;9.88;1.74
2015-01-09;03:50:42;57.95;11.17;1.42
2015-01-09;03:55:47;74.579;10.25;1.79
2015-01-09;04:00:43;117.838;11.05;1.45
2015-01-09;04:05:50;65.769;11.75;1.82
2015-01-09;04:10:45;105.024;12.57;1.69
2015-01-09;04:15:45;74.509;11.87;1.72
2015-01-09;04:20:39;110.962;8.15;1.61
2015-01-09;04:25:42;95.856;10.92;1.41
2015-01-09;04:31:24;87.552;11.73;1.42
2015-01-09;04:35:42;88.632;10.00;1.65
2015-01-09;04:40:44;107.001;11.46;1.69
2015-01-09;04:45:41;67.091;13.60;1.43
2015-01-09;04:50:41;101.863;9.78;1.57
2015-01-09;04:55:37;111.257;11.89;1.57
2015-01-09;05:00:56;115.191;13.32;1.11
2015-01-09;05:05:43;89.381;9.96;1.50
2015-01-09;05:10:43;104.383;7.30;1.81
2015-01-09;05:15:45;75.028;11.10;1.83
2015-01-09;05:20:35;111.817;14.97;1.46
2015-01-09;05:25:45;101.76;11.66;1.71
2015-01-09;05:30:44;95.105;9.72;1.72
2015-01-09;05:35:44;98.521;17.36;1.19
2015-01-09;05:40:42;75.89;11.05;1.50
2015-01-09;05:45:45;97.122;11.63;1.70
2015-01-09;05:50:46;90.591;10.18;1.82
2015-01-09;05:55:42;80.416;10.80;1.50
2015-01-09;06:00:50;102.994;10.92;1.81
2015-01-09;06:05:42;87.578;13.99;1.83
2015-01-09;06:10:44;102.559;8.87;1.83
2015-01-09;06:15:49;107.747;10.70;1.41
2015-01-09;06:20:44;93.094;10.76;1.77
2015-01-09;06:25:35;105.205;9.85;1.57
2015-01-09;06:30:50;95.805;11.61;1.68
2015-01-09;06:35:43;80.228;10.47;1.41
2015-01-09;06:40:45;105.246;11.61;1.81
2015-01-09;06:45:44;107.988;7.84;1.77
2015-01-09;06:50:43;93.166;9.68;1.77
2015-01-09;06:55:45;91.822;9.83;1.34
2015-01-09;07:00:41;115.226;11.36;1.33
2015-01-09;07:05:47;115.825;11.32;1.54
2015-01-09;07:10:45;115.804;11.09;1.52
2015-01-09;07:15:42;95.707;10.83;1.57
2015-01-09;07:20:46;115.698;10.72;1.81
2015-01-09;07:25:34;91.681;17.41;1.48
2015-01-09;07:30:44;109.174;9.53;1.51
2015-01-09;07:35:46;115.87;11.76;1.51
2015-01-09;07:40:46;69.683;11.66;1.77
2015-01-09;07:45:42;91.186;10.61;1.41
2015-01-09;11:40:47;99.958;10.76;1.89
2015-01-09;11:45:42;96.335;7.95;1.48
2015-01-09;11:50:46;66.858;11.12;1.75
2015-01-09;11:55:40;95.87;13.36;1.05
2015-01-09;12:00:41;103.9;8.65;1.50
2015-01-09;12:05:43;113.692;11.12;1.28
2015-01-09;12:10:43;88.993;7.51;1.75
2015-01-09;12:15:48;104.911;12.05;1.31
2015-01-09;12:20:46;78.29;11.22;1.76
2015-01-09;12:25:42;74.504;10.51;1.59
2015-01-09;12:30:47;117.582;10.85;1.22
2015-01-09;12:35:35;61.322;13.12;1.41
2015-01-09;12:40:46;88.452;12.48;1.69
2015-01-09;12:45:46;92.102;12.25;1.82
2015-01-09;12:50:45;89.685;12.18;1.39
2015-01-09;12:55:46;93.07;9.96;1.69
2015-01-09;13:00:50;111.711;13.86;1.06
2015-01-09;13:05:50;258.413;11.10;1.60
2015-01-09;13:10:57;70.035;11.06;1.36
2015-01-09;13:15:41;62.673;9.97;1.72
2015-01-09;13:20:47;59.599;11.25;1.30
2015-01-09;13:25:46;59.19;13.34;1.49
2015-01-09;13:30:47;99.782;11.38;1.51
2015-01-09;13:35:47;106.924;12.47;1.85
2015-01-09;13:40:41;90.449;10.28;1.40
2015-01-09;13:45:46;111.422;10.31;1.46
2015-01-09;13:50:43;88.514;11.53;1.46
2015-01-09;13:55:50;99.189;10.38;1.85
2015-01-09;14:00:42;103.126;15.32;1.55
2015-01-09;14:05:47;81.675;11.71;1.24
2015-01-09;14:10:40;91.582;10.67;1.51
2015-01-09;14:15:42;83.959;12.52;1.64
2015-01-09;14:20:44;249.442;11.31;1.51
2015-01-09;14:25:45;106.923;11.03;1.55
2015-01-09;14:30:45;87.36;10.25;1.29
2015-01-09;14:35:46;87.517;11.01;1.65
2015-01-09;14:40:49;90.803;10.54;1.66
2015-01-09;14:45:40;102.838;9.51;1.73
2015-01-09;14:50:44;112.96;11.56;1.47
2015-01-09;14:55:46;95.361;11.43;1.42
2015-01-09;15:00:48;115.084;13.83;1.06
2015-01-09;15:05:39;97.711;12.66;1.47
2015-01-09;15:10:46;88.269;10.65;1.44
2015-01-09;15:15:45;94.988;9.97;1.77
2015-01-09;15:20:44;89.868;12.53;1.43
2015-01-09;15:25:36;95.703;15.86;1.11
2015-01-09;15:30:45;101.163;12.09;1.63
2015-01-09;15:35:47;112.77;10.23;1.73
2015-01-09;15:40:44;102.049;9.87;1.46
2015-01-09;15:45:44;115.064;12.77;1.59
2015-01-09;15:50:34;87.446;15.11;2.16
2015-01-09;15:55:47;68.747;10.63;1.72
2015-01-09;16:00:37;106.431;8.05;1.38
2015-01-09;16:05:53;104.682;17.67;1.23
2015-01-09;16:10:50;89.618;9.23;1.61
2015-01-09;16:15:38;105.654;9.08;1.58
2015-01-09;16:20:45;96.994;13.71;0.96
2015-01-09;16:25:48;73.31;10.39;1.63
2015-01-09;16:30:47;101.429;11.40;1.63
2015-01-09;16:35:34;79.594;14.51;1.40
2015-01-09;16:40:40;102.132;15.28;1.87
2015-01-09;16:45:45;82.723;8.35;1.79
2015-01-09;16:50:42;90.178;10.74;1.42
2015-01-09;16:55:49;167.284;10.22;1.84
2015-01-09;17:00:46;115.744;12.87;1.20
2015-01-09;17:05:45;68.558;11.08;1.70
2015-01-09;17:10:43;103.405;9.96;1.62
2015-01-09;17:15:42;96.288;10.99;1.39
2015-01-09;17:20:43;93.334;10.69;1.59
2015-01-09;17:25:49;83.063;11.17;1.60
2015-01-09;17:30:47;116.769;12.84;1.78
2015-01-09;17:35:38;76.158;15.01;1.62
2015-01-09;17:40:41;101.416;11.06;1.46
2015-01-09;17:45:45;75.358;11.28;1.76
2015-01-09;17:50:42;68.995;13.19;1.86
2015-01-09;17:55:44;95.594;10.81;1.32
2015-01-09;18:00:42;89.964;14.48;1.36
2015-01-09;18:05:47;79.902;9.46;1.71
2015-01-09;18:10:47;14.718;17.27;1.09
2015-01-09;18:15:41;103.35;8.30;1.46
2015-01-09;18:20:49;91.815;11.96;1.31
2015-01-09;18:25:44;109.565;12.27;1.49
2015-01-09;18:30:49;117.196;12.05;1.75
2015-01-09;18:35:40;108.308;12.90;1.51
2015-01-09;18:40:37;107.603;17.85;1.31
2015-01-09;18:45:44;82.957;11.92;1.72
2015-01-09;18:50:45;74.658;11.77;1.73
2015-01-09;18:55:43;90.715;10.83;1.55
2015-01-09;19:00:41;112.744;10.25;1.77
2015-01-09;19:05:34;102.642;14.61;1.44
2015-01-09;19:10:45;86.502;10.99;1.64
2015-01-09;19:15:44;82.959;10.68;1.64
2015-01-09;19:20:45;89.757;12.26;1.54
2015-01-09;19:25:41;82.77;10.64;1.50
2015-01-09;19:30:48;95.662;12.31;1.74
2015-01-09;19:35:40;116.878;9.85;1.35
2015-01-09;19:40:44;69.533;10.74;1.22
2015-01-09;19:45:49;84.776;9.79;1.85
2015-01-09;19:50:50;87.334;10.03;1.68
2015-01-09;19:55:45;98.283;11.03;1.61
2015-01-09;20:00:47;114.669;11.41;1.61
2015-01-09;20:05:45;116.344;7.73;1.13
2015-01-09;20:10:44;95.176;6.48;1.20
2015-01-09;20:15:47;117.535;6.70;1.07
2015-01-09;20:20:46;90.816;5.60;1.17
2015-01-09;20:25:55;106.808;6.41;1.35
2015-01-09;20:30:56;113.188;4.39;1.54
2015-01-09;20:35:45;114.847;6.32;1.32
2015-01-09;20:40:41;89.661;4.74;1.44
2015-01-09;20:45:45;111.419;5.93;1.24
2015-01-09;20:50:43;79.763;10.25;1.50
2015-01-09;20:55:44;91.013;11.58;1.52
2015-01-09;21:00:42;103.237;10.92;1.52
2015-01-09;21:05:42;88.544;12.03;1.66
2015-01-09;21:10:41;102.332;11.63;1.39
2015-01-09;21:15:42;75.079;10.31;1.39
2015-01-09;21:20:43;111.308;6.35;1.22
2015-01-09;21:25:50;114.611;5.90;1.37
2015-01-09;21:30:48;116.089;6.32;0.97
2015-01-09;21:35:57;115.952;5.87;1.42
2015-01-09;21:40:59;110.825;5.49;1.39
2015-01-09;21:45:38;109.724;6.55;1.21
2015-01-09;21:50:40;83.213;11.41;1.44
2015-01-09;21:55:41;76.124;9.83;1.75
2015-01-09;22:00:42;88.631;11.30;1.60
2015-01-09;22:05:44;96.857;11.46;1.64
2015-01-09;22:10:43;92.192;13.91;1.27
2015-01-09;22:15:37;102.5;7.66;1.42
2015-01-09;22:20:43;103.675;10.50;1.49
2015-01-09;22:25:42;91.633;10.91;1.37
2015-01-09;22:30:38;100.896;9.03;1.39
2015-01-09;22:35:39;137.459;11.31;1.62
2015-01-09;22:40:46;101.352;11.89;1.12
2015-01-09;22:45:49;95.252;7.22;1.34
2015-01-09;22:50:43;115.309;10.17;1.83
2015-01-09;22:55:57;104.441;10.01;1.30
2015-01-09;23:00:44;123.015;11.67;1.35
2015-01-09;23:05:42;91.288;9.34;1.87
2015-01-09;23:10:43;87.161;10.84;1.46
2015-01-09;23:15:50;90.954;7.91;1.54
2015-01-09;23:20:38;115.715;10.97;1.41
2015-01-09;23:25:53;73.875;10.48;1.59
2015-01-09;23:35:48;1078.508;9.91;1.56
2015-01-09;23:40:46;79.266;9.90;1.59
2015-01-09;23:45:43;102.007;11.23;1.52
2015-01-09;23:50:44;86.949;8.53;1.70
2015-01-09;23:55:44;115.559;8.88;1.45
2015-01-10;00:00:53;100.284;13.70;1.34
2015-01-10;00:05:37;98.494;8.27;1.67
2015-01-10;00:10:42;92.889;10.18;1.69
2015-01-10;00:15:47;93.915;11.13;1.70
2015-01-10;00:20:38;72.506;11.60;1.47
2015-01-10;00:25:44;95.173;11.58;1.71
2015-01-10;00:30:40;101.187;10.35;1.62
2015-01-10;00:35:44;77.068;11.51;1.63
2015-01-10;00:40:38;112.088;7.40;1.71
2015-01-10;00:45:41;108.36;10.03;1.19
2015-01-10;00:51:14;100.469;11.11;1.37
2015-01-10;00:55:44;107.162;11.03;1.77
2015-01-10;01:00:48;91.633;15.64;1.12
2015-01-10;01:05:45;87.459;11.10;1.87
2015-01-10;01:10:45;115.855;11.66;1.73
2015-01-10;01:15:43;71.519;10.99;1.67
2015-01-10;01:20:53;91.223;10.65;1.82
2015-01-10;01:25:44;99.145;11.75;1.77
2015-01-10;01:30:45;87.509;11.70;1.73
2015-01-10;01:35:38;116.614;9.12;1.64
2015-01-10;01:40:42;75.624;11.05;1.57
2015-01-10;01:45:40;87.161;11.73;1.20
2015-01-10;01:50:42;107.361;12.75;1.30
2015-01-10;01:55:41;75.121;11.55;1.56
2015-01-10;02:00:43;68.558;10.20;1.08
2015-01-10;02:05:48;86.901;11.94;1.17
2015-01-10;02:10:45;104.981;9.15;1.67
2015-01-10;02:15:41;86.302;10.55;1.36
2015-01-10;02:20:42;79.659;11.41;1.53
2015-01-10;02:25:42;83.714;10.42;1.59
2015-01-10;02:30:42;98.26;11.46;1.53
2015-01-10;02:35:40;89.963;11.96;1.49
2015-01-10;02:40:40;101.816;10.05;1.65
2015-01-10;02:48:35;82.302;11.21;1.90
2015-01-10;02:50:47;86.354;11.08;1.79
2015-01-10;02:55:40;92.453;14.45;1.66
2015-01-10;03:00:40;106.604;9.89;1.23
2015-01-10;03:05:41;88.532;11.11;1.29
2015-01-10;03:10:46;88.262;11.14;1.68
2015-01-10;03:15:54;108.573;11.77;1.70
2015-01-10;03:20:47;65.588;10.91;1.69
2015-01-10;03:25:46;89.771;12.69;1.59
2015-01-10;03:30:42;115.177;11.81;1.40
2015-01-10;03:35:46;115.155;11.37;1.72
2015-01-10;03:40:40;80.446;11.51;1.61
2015-01-10;03:45:42;91.006;11.11;1.52
2015-01-10;03:50:43;98.996;9.44;1.47
2015-01-10;03:55:44;95.301;11.31;1.72
2015-01-10;04:00:42;107.199;14.17;1.21
2015-01-10;04:05:44;70.395;12.05;1.52
2015-01-10;04:10:50;93.021;11.27;1.50
2015-01-10;04:15:43;81.21;10.51;1.58
2015-01-10;04:20:44;81.014;10.60;1.68
2015-01-10;04:25:38;79.282;8.55;1.68
2015-01-10;04:30:40;111.83;12.45;1.72
2015-01-10;04:35:42;86.422;10.90;1.51
2015-01-10;04:40:46;79.105;10.49;1.80
2015-01-10;04:45:44;94.383;10.63;1.78
2015-01-10;04:50:45;99.889;10.39;1.79
2015-01-10;04:55:41;82.905;12.03;1.38
2015-01-10;05:00:43;107.805;13.36;1.33
2015-01-10;05:05:36;100.403;18.02;1.75
2015-01-10;05:10:40;103.673;9.31;1.27
2015-01-10;05:16:18;68.436;10.71;1.39
2015-01-10;05:20:41;70.413;9.08;1.68
2015-01-10;05:25:39;113.521;8.53;1.71
2015-01-10;05:30:39;115.546;9.15;1.60
2015-01-10;05:35:43;89.658;12.11;1.58
2015-01-10;05:40:41;94.525;11.36;1.58
2015-01-10;05:45:45;72.783;11.55;1.75
2015-01-10;05:50:43;84.364;12.12;1.48
2015-01-10;05:55:36;89.99;10.18;1.67
2015-01-10;06:00:39;82.571;9.95;1.82
2015-01-10;06:05:46;77.734;11.63;1.67
2015-01-10;06:10:44;72.462;12.03;1.75
2015-01-10;06:15:41;104.461;11.98;1.33
2015-01-10;06:20:39;85.785;10.91;1.62
2015-01-10;06:25:39;99.273;9.44;1.51
2015-01-10;06:30:41;79.892;9.73;1.86
2015-01-10;06:35:40;114.472;10.91;1.39
2015-01-10;06:40:39;84.321;8.85;1.50
2015-01-10;06:45:43;74.934;11.17;1.66
2015-01-10;06:50:43;88.696;14.98;1.52
2015-01-10;06:55:43;76.291;11.73;1.82
2015-01-10;07:00:42;99.754;15.03;1.36
2015-01-10;07:05:39;79.721;9.13;1.51
2015-01-10;07:10:39;118.993;12.05;1.70
2015-01-10;07:15:42;91.842;10.85;1.51
2015-01-10;07:20:46;81.33;11.31;1.66
2015-01-10;07:25:45;73.242;12.33;1.31
2015-01-10;07:30:44;90.641;12.94;1.52
2015-01-10;07:35:39;91.723;11.31;1.46
2015-01-10;07:40:42;116.512;11.16;1.90
2015-01-10;07:45:44;67.157;11.13;1.87
2015-01-10;07:50:41;101.793;11.51;1.19
2015-01-10;07:55:44;80.827;10.66;1.69
2015-01-10;08:00:35;95.579;14.04;1.53
2015-01-10;08:05:40;112.24;11.68;1.35
2015-01-10;08:10:44;108.483;9.35;1.61
2015-01-10;08:15:43;89.201;11.45;1.66
2015-01-10;08:20:47;55.806;13.89;1.88
2015-01-10;08:25:43;83.878;11.27;1.76
2015-01-10;08:30:37;112.049;10.48;1.56
2015-01-10;08:35:37;78.362;9.26;1.57
2015-01-10;08:40:40;116.51;12.65;1.35
2015-01-10;08:45:50;78.555;11.50;1.79
2015-01-10;08:50:45;102.356;12.11;1.45
2015-01-10;08:55:40;92.507;11.56;1.38
2015-01-10;09:00:41;100.648;10.93;1.50
2015-01-10;09:05:39;91.21;8.92;1.34
2015-01-10;09:10:40;113.902;11.92;1.39
2015-01-10;09:15:45;84.546;14.63;1.10
2015-01-10;09:20:41;85.179;11.17;1.58
2015-01-10;09:25:44;105.361;14.45;1.91
2015-01-10;09:30:42;109.251;12.48;1.56
2015-01-10;09:35:39;105.078;13.51;1.62
2015-01-10;09:40:43;65.138;11.68;1.67
2015-01-10;09:45:40;103.158;11.66;1.58
2015-01-10;09:50:41;116.472;11.77;1.45
2015-01-10;09:55:45;88.235;11.21;1.63
2015-01-10;10:00:47;91.154;16.82;1.16
2015-01-10;10:05:40;106.307;11.51;1.38
2015-01-10;10:10:43;87.062;11.94;1.83
2015-01-10;10:15:45;88.265;11.33;1.16
2015-01-10;10:20:46;82.611;12.28;1.22
2015-01-10;10:25:41;94.277;9.08;1.23
2015-01-10;10:30:44;106.218;11.45;1.51
2015-01-10;10:35:42;96.65;11.10;1.29
2015-01-10;10:40:44;77.615;10.92;1.21
2015-01-10;10:45:36;87.242;8.44;1.33
2015-01-10;10:50:45;91.611;11.85;1.53
2015-01-10;10:55:48;105.22;9.94;1.49
2015-01-10;11:00:44;107.559;12.51;1.45
2015-01-10;11:05:44;110.029;12.29;1.46
2015-01-10;11:10:44;117.196;13.09;1.51
2015-01-10;11:15:41;90.77;12.20;1.35
2015-01-10;11:20:45;109.451;12.39;1.05
2015-01-10;11:25:40;86.702;12.03;1.55
2015-01-10;11:30:41;107.247;12.72;1.31
2015-01-10;11:35:43;98.901;12.19;1.63
2015-01-10;11:40:46;82.883;12.07;1.62
2015-01-10;11:45:43;85.682;11.52;1.19
2015-01-10;11:50:35;68.808;15.27;1.38
2015-01-10;11:55:43;101.44;14.36;1.07
2015-01-10;12:00:44;111.873;15.98;1.20
2015-01-10;12:05:51;90.83;7.60;1.30
2015-01-10;12:10:47;96.079;9.66;1.49
2015-01-10;12:15:43;95.828;11.94;1.74
2015-01-10;12:20:42;57.867;11.17;1.44
2015-01-10;12:25:45;94.186;10.77;1.87
2015-01-10;12:30:50;83.248;10.87;1.82
2015-01-10;12:35:37;96.46;9.71;1.40
2015-01-10;12:40:43;84.05;12.29;1.71
2015-01-10;12:45:39;92.796;11.84;1.62
2015-01-10;12:50:41;119.576;10.27;1.65
2015-01-10;12:55:45;80.733;11.35;1.73
2015-01-10;13:00:45;117.963;11.87;1.39
2015-01-10;13:05:55;86.147;8.02;1.45
2015-01-10;13:10:42;84.365;10.19;1.70
2015-01-10;13:15:44;84.894;10.99;1.54
2015-01-10;13:20:39;95.78;9.35;1.71
2015-01-10;13:25:45;117.143;11.75;1.53
2015-01-10;13:30:37;91.865;7.70;1.27
2015-01-10;13:35:41;117.141;12.95;1.39
2015-01-10;13:40:39;51.838;11.43;1.39
2015-01-10;13:45:45;105.221;13.17;1.19
2015-01-10;13:50:55;92.339;12.19;1.60
2015-01-10;13:55:41;82.969;11.89;1.68
2015-01-10;14:00:47;99.843;11.29;1.59
2015-01-10;14:05:39;82.025;10.68;1.64
2015-01-10;14:10:42;81.13;11.34;1.51
2015-01-10;14:15:37;93.276;8.93;1.57
2015-01-10;14:20:45;110.744;9.95;1.45
2015-01-10;14:26:33;76.289;11.12;1.40
2015-01-10;14:30:39;100.38;12.83;1.55
2015-01-10;14:35:40;114.569;12.61;1.47
2015-01-10;14:40:38;75.131;11.97;1.56
2015-01-10;14:45:38;117.642;9.62;1.33
2015-01-10;14:50:46;104.398;11.86;1.77
2015-01-10;14:55:39;114.509;13.29;1.52
2015-01-10;15:00:44;92.833;16.59;1.13
2015-01-10;15:05:52;94.894;10.65;1.33
2015-01-10;15:10:35;115.41;9.29;1.43
2015-01-10;15:20:46;86.372;11.63;1.63
2015-01-10;15:21:01;84.624;12.31;1.86
2015-01-10;15:25:40;92.383;12.33;1.63
2015-01-10;15:30:49;117.646;13.97;1.11
2015-01-10;15:35:41;79.11;9.24;1.62
2015-01-10;15:40:41;95.234;12.72;1.72
2015-01-10;15:45:39;101.45;11.37;1.44
2015-01-10;15:50:39;89.867;12.03;1.35
2015-01-10;15:55:34;108.831;15.46;1.37
2015-01-10;16:01:00;128.536;12.59;1.34
2015-01-10;16:05:38;82.376;12.33;1.44
2015-01-10;16:10:40;114.663;11.68;1.59
2015-01-10;16:15:42;84.463;10.92;1.44
2015-01-10;16:20:42;103.168;11.48;1.62
2015-01-10;16:25:39;93.169;12.00;1.39
2015-01-10;16:30:44;98.472;12.64;1.36
2015-01-10;16:35:45;113.31;14.82;1.24
2015-01-10;16:41:47;86.889;12.16;1.88
2015-01-10;16:45:44;111.816;15.10;1.16
2015-01-10;16:50:55;68.532;11.53;1.51
2015-01-10;16:55:41;98.426;11.56;1.51
2015-01-10;17:00:53;99.168;10.51;1.37
2015-01-10;17:05:41;61.849;11.17;1.54
2015-01-10;17:10:43;78.414;14.50;1.34
2015-01-10;17:15:43;89.708;12.77;1.59
2015-01-10;17:20:41;103.664;10.83;1.60
2015-01-10;17:25:43;87.137;11.71;1.19
2015-01-10;17:30:40;115.711;14.05;1.32
2015-01-10;17:35:39;112.405;12.62;1.55
2015-01-10;17:40:45;68.386;10.96;1.69
2015-01-10;17:45:42;75.703;10.29;1.34
2015-01-10;17:50:43;93.114;10.79;1.78
2015-01-10;17:55:44;101.77;11.72;1.53
2015-01-10;18:00:39;92.612;11.41;1.42
2015-01-10;18:05:38;85.271;11.00;1.42
2015-01-10;18:10:50;48.163;9.56;1.43
2015-01-10;18:15:50;87.598;9.81;1.06
2015-01-10;18:20:46;88.937;7.66;1.04
2015-01-10;18:25:32;87.576;9.45;1.20
2015-01-10;18:30:45;96.139;10.07;1.08
2015-01-10;18:35:36;82.054;8.20;1.16
2015-01-10;18:40:43;76.935;10.30;1.25
2015-01-10;18:45:43;90.096;11.58;1.20
2015-01-10;18:50:45;68.705;12.07;1.36
2015-01-10;18:55:42;94.038;7.13;1.17
2015-01-10;19:00:50;74.435;11.60;1.20
2015-01-10;19:05:42;81.647;10.94;1.16
2015-01-10;19:10:37;80.96;6.17;1.34
2015-01-10;19:15:47;78.039;10.00;1.09
2015-01-10;19:20:44;62.914;7.54;1.11
2015-01-10;19:25:51;78.033;10.14;0.97
2015-01-10;19:30:40;97.581;11.61;1.39
2015-01-10;19:35:45;90.582;10.16;1.43
2015-01-10;19:40:52;91.039;11.61;1.72
2015-01-10;19:45:43;114.146;11.32;1.48
2015-01-10;19:50:43;96.627;11.10;1.30
2015-01-10;19:55:36;107.257;8.15;1.42
2015-01-10;20:00:44;85.155;15.24;1.47
2015-01-10;20:05:40;87.461;12.72;1.62
2015-01-10;20:10:42;79.229;12.61;1.45
2015-01-10;20:15:39;102.642;12.24;1.41
2015-01-10;20:20:47;90.431;10.76;1.54
2015-01-10;20:25:40;84.645;11.14;1.50
2015-01-10;20:30:42;102.36;12.89;1.58
2015-01-10;20:35:45;51.294;12.61;1.12
2015-01-10;20:40:45;95.117;11.79;1.81
2015-01-10;20:45:41;75.136;11.73;1.54
2015-01-10;20:50:43;86.497;10.72;1.43
2015-01-10;20:55:39;97.794;13.92;1.82
2015-01-10;21:00:51;106.472;14.07;1.80
2015-01-10;21:05:53;109.283;11.22;1.42
2015-01-10;21:10:39;101.728;11.23;1.52
2015-01-10;21:15:44;101.066;13.21;1.13
2015-01-10;21:20:39;98.68;11.31;1.45
2015-01-10;21:25:44;97.167;11.33;1.87
2015-01-10;21:30:42;92.407;14.96;1.42
2015-01-10;21:35:44;100.596;12.91;1.78
2015-01-10;21:40:40;99.008;13.16;1.34
2015-01-10;21:45:43;109.559;14.48;1.58
2015-01-10;21:50:37;106.496;11.23;1.42
2015-01-10;21:55:47;71.559;10.16;1.59
2015-01-10;22:00:42;67.176;14.69;1.43
2015-01-10;22:05:41;93.394;12.65;1.45
2015-01-10;22:10:38;119.816;10.10;1.26
2015-01-10;22:15:43;97.616;10.99;1.60
2015-01-10;22:20:44;73.977;11.07;1.81
2015-01-10;22:25:46;80.855;10.51;1.70
2015-01-10;22:30:41;96.843;12.14;1.46
2015-01-10;22:35:45;74.627;12.97;1.42
2015-01-10;22:40:45;95.748;8.94;1.13
2015-01-10;22:45:40;85.466;11.69;1.65
2015-01-10;22:50:36;106.045;8.41;1.43
2015-01-10;22:55:39;101.929;9.65;1.73
2015-01-10;23:00:45;131.584;14.06;1.36
2015-01-10;23:07:54;83.78;10.46;1.58
2015-01-10;23:10:42;53.681;11.50;1.75
2015-01-10;23:15:45;99.361;8.11;1.83
2015-01-10;23:20:42;92.099;11.04;1.61
2015-01-10;23:25:41;81.229;11.38;1.72
2015-01-10;23:30:43;111.95;12.49;1.10
2015-01-10;23:35:41;97.918;11.02;1.49
2015-01-10;23:40:42;90.049;13.03;1.91
2015-01-10;23:45:38;69.836;11.33;1.70
2015-01-10;23:50:43;84.769;12.60;1.78
2015-01-10;23:55:44;89.441;11.84;1.53
2015-01-11;00:00:41;179.127;11.84;1.28
2015-01-11;00:05:39;90.414;11.21;1.24
2015-01-11;00:11:11;77.332;12.08;1.76
2015-01-11;00:15:44;81.433;11.02;1.74
2015-01-11;00:20:49;117.737;10.93;1.36
2015-01-11;00:25:38;97.285;11.05;1.53
2015-01-11;00:30:39;77.551;11.86;1.40
2015-01-11;00:35:32;100.465;9.55;1.60
2015-01-11;00:40:43;125.078;10.34;1.86
2015-01-11;00:45:38;89.87;10.47;1.38
2015-01-11;00:50:40;103.427;12.31;1.49
2015-01-11;00:55:47;86.011;10.81;1.41
2015-01-11;01:00:43;84.489;11.14;1.42
2015-01-11;01:05:39;83.765;11.56;1.48
2015-01-11;01:10:39;99.034;12.81;1.41
2015-01-11;01:15:42;93.18;13.08;1.45
2015-01-11;01:20:41;100.33;11.05;1.67
2015-01-11;01:25:45;111.086;8.71;1.80
2015-01-11;01:30:42;97.305;12.66;1.24
2015-01-11;01:35:39;65.791;11.93;1.37
2015-01-11;01:40:44;78.263;11.87;1.90
2015-01-11;01:45:40;87.674;11.06;1.42
2015-01-11;01:50:42;92.046;13.10;1.85
2015-01-11;01:55:43;103.705;11.97;1.66
2015-01-11;02:00:44;89.454;12.42;1.80
2015-01-11;02:05:40;85.166;11.56;1.22
2015-01-11;02:10:40;87.773;12.37;1.58
2015-01-11;02:15:39;103.014;12.83;1.56
2015-01-11;02:20:45;115.022;13.50;1.52
2015-01-11;02:25:47;104.737;12.03;1.64
2015-01-11;02:30:42;78.276;11.61;1.68
2015-01-11;02:36:10;104.67;12.22;1.06
2015-01-11;02:40:41;92.893;12.51;1.33
2015-01-11;02:45:40;100.363;11.72;1.45
2015-01-11;02:50:38;104.531;12.67;1.40
2015-01-11;02:55:46;88.222;13.86;1.17
2015-01-11;03:00:38;109.251;14.75;1.49
2015-01-11;03:05:46;99.254;11.92;1.82
2015-01-11;03:10:44;74.428;12.81;1.16
2015-01-11;03:15:44;116.298;11.95;1.55
2015-01-11;03:20:45;97.097;12.79;1.63
2015-01-11;03:25:43;102.702;11.24;1.56
2015-01-11;03:30:44;111.069;12.09;1.57
2015-01-11;03:35:36;94.402;10.35;1.50
2015-01-11;03:40:30;84.513;19.61;2.52
2015-01-11;03:45:38;84.622;12.49;1.33
2015-01-11;03:50:40;89.736;11.40;1.21
2015-01-11;03:55:41;81.997;12.48;1.72
2015-01-11;04:00:39;71.786;14.14;1.52
2015-01-11;04:05:39;79.923;12.00;1.41
2015-01-11;04:10:38;88.776;12.31;1.41
2015-01-11;04:15:43;94.557;12.25;1.82
2015-01-11;04:20:40;83.75;12.91;1.66
2015-01-11;04:25:38;108.581;11.79;1.25
2015-01-11;04:30:39;99.824;11.69;1.35
2015-01-11;04:35:43;100.57;10.71;1.65
2015-01-11;04:40:45;109.11;12.18;1.67
2015-01-11;04:45:42;91.186;13.43;1.53
2015-01-11;04:50:42;88.716;12.60;1.59
2015-01-11;04:55:42;98.502;12.37;1.85
2015-01-11;05:00:44;98.654;16.57;1.43
2015-01-11;05:05:38;94.17;11.11;1.35
2015-01-11;05:10:48;90.604;11.22;1.16
2015-01-11;05:15:41;81.027;11.79;1.48
2015-01-11;05:20:45;89.247;14.88;1.42
2015-01-11;05:25:39;87.36;12.61;1.63
2015-01-11;05:30:42;103.77;11.41;1.54
2015-01-11;05:35:44;117.262;9.44;1.65
2015-01-11;05:40:44;115.147;12.43;1.53
2015-01-11;05:45:53;80.405;11.87;1.53
2015-01-11;05:50:35;77.231;9.24;1.35
2015-01-11;05:55:45;115.254;11.80;1.38
2015-01-11;06:00:40;114.555;11.53;1.48
2015-01-11;06:05:38;102.039;11.65;1.55
2015-01-11;06:10:39;98.503;12.60;1.28
2015-01-11;06:15:42;86.506;11.63;1.31
2015-01-11;06:20:40;63.298;14.82;1.34
2015-01-11;06:25:43;67.691;11.24;1.40
2015-01-11;06:30:39;187.085;13.85;1.31
2015-01-11;06:35:38;111.764;9.86;1.52
2015-01-11;06:40:43;84.034;13.45;1.30
2015-01-11;06:45:41;110.537;11.38;1.15
2015-01-11;06:50:38;81.85;7.85;1.47
2015-01-11;06:55:44;82.427;12.03;1.76
2015-01-11;07:00:45;83.055;14.76;1.02
2015-01-11;07:05:41;103.785;13.57;1.67
2015-01-11;07:10:48;113.896;12.79;1.39
2015-01-11;07:15:41;112.615;11.58;1.30
2015-01-11;07:20:44;75.171;11.43;1.81
2015-01-11;07:25:34;101.179;10.37;1.55
2015-01-11;07:30:47;104.417;14.68;1.47
2015-01-11;07:35:39;107.839;13.73;1.37
2015-01-11;07:40:39;97.041;12.45;1.25
2015-01-11;07:45:40;77.576;12.93;1.56
2015-01-11;07:50:43;91.138;13.58;1.31
2015-01-11;07:55:40;115.415;11.40;1.41
2015-01-11;08:00:43;106.498;12.14;1.26
2015-01-11;08:05:37;96.479;13.73;1.50
2015-01-11;08:10:44;102.331;12.09;1.37
2015-01-11;08:15:39;106.426;9.86;1.45
2015-01-11;08:20:40;92.31;12.43;1.42
2015-01-11;08:25:43;115.899;11.89;1.56
2015-01-11;08:30:36;104.525;10.61;1.56
2015-01-11;08:35:42;98.755;12.15;1.67
2015-01-11;08:40:47;110.556;11.29;1.82
2015-01-11;08:45:42;83.186;12.60;1.82
2015-01-11;08:50:48;79.922;14.48;1.80
2015-01-11;08:55:40;95.286;12.89;1.56
2015-01-11;09:00:42;115.182;14.18;1.17
2015-01-11;09:05:43;105.816;12.97;1.89
2015-01-11;09:10:41;83.492;12.39;1.55
2015-01-11;09:15:40;81.776;11.24;1.49
2015-01-11;09:20:42;97.858;13.23;1.85
2015-01-11;09:25:48;105.212;15.67;1.12
2015-01-11;09:30:39;109.235;14.61;1.32
2015-01-11;09:36:40;96.499;12.20;1.53
2015-01-11;09:40:37;87.601;13.04;1.48
2015-01-11;09:45:48;99.036;14.01;1.48
2015-01-11;09:50:40;89.252;11.48;1.60
2015-01-11;09:55:41;83.132;11.89;1.36
2015-01-11;10:00:41;110.92;14.85;1.28
2015-01-11;10:05:39;96.486;11.51;1.86
2015-01-11;10:10:40;98.445;9.35;1.63
2015-01-11;10:15:42;101.331;13.62;1.85
2015-01-11;10:20:47;75.83;11.98;1.51
2015-01-11;10:25:44;102.121;12.43;1.82
2015-01-11;10:31:01;81.686;11.74;1.58
2015-01-11;10:35:42;93.694;12.73;1.49
2015-01-11;10:40:44;64.415;14.40;1.72
2015-01-11;10:45:40;105.069;13.13;1.56
2015-01-11;10:50:43;106.579;12.51;1.86
2015-01-11;10:55:42;106.533;12.60;1.11
2015-01-11;11:00:45;64.571;18.72;1.71
2015-01-11;11:06:02;95.789;12.09;1.85
2015-01-11;11:10:34;92.468;10.87;1.64
2015-01-11;11:15:40;107.043;12.79;1.67
2015-01-11;11:22:36;97.98;16.77;1.67
2015-01-11;11:25:44;79.845;7.51;1.65
2015-01-11;11:30:39;110.305;13.83;1.28
2015-01-11;14:45:41;84.983;13.03;1.03
2015-01-11;14:50:45;345.88;8.97;0.99
2015-01-11;14:56:11;97.188;12.81;1.77
2015-01-11;15:00:44;86.411;17.85;1.52
2015-01-11;15:05:44;109.403;16.38;1.03
2015-01-11;15:10:39;103.807;12.13;1.31
2015-01-11;15:15:45;94.407;11.93;1.04
2015-01-11;15:20:38;101.718;12.75;1.37
2015-01-11;15:25:37;88.269;11.09;1.32
2015-01-11;15:30:39;111.256;10.41;1.58
2015-01-11;15:35:35;85.861;10.93;1.30
2015-01-11;15:40:40;111.822;12.72;1.49
2015-01-11;15:45:41;90.454;14.07;1.26
2015-01-11;15:50:43;79.021;14.02;1.63
2015-01-11;15:55:41;80.329;10.26;1.64
2015-01-11;16:00:42;107.77;15.80;1.19
2015-01-11;16:05:47;86.089;12.15;1.41
2015-01-11;16:10:42;75.505;13.08;1.45
2015-01-11;16:15:37;108.725;11.57;1.43
2015-01-11;16:20:42;98.113;12.54;1.18
2015-01-11;16:25:40;99.637;12.37;1.21
2015-01-11;16:30:38;93.639;9.43;1.73
2015-01-11;16:35:41;99.461;11.66;1.32
2015-01-11;16:40:41;87.027;12.20;1.81
2015-01-11;16:45:39;72.832;11.77;1.51
2015-01-11;16:50:42;75.629;11.43;1.50
2015-01-11;16:55:37;81.007;13.12;1.30
2015-01-11;17:00:38;91.908;14.44;1.49
2015-01-11;17:06:06;93.531;11.79;1.79
2015-01-11;17:10:42;95.191;12.68;1.12
2015-01-11;17:15:48;102.974;13.15;1.44
2015-01-11;17:20:43;88.244;10.94;1.56
2015-01-11;17:25:40;109.377;13.25;1.54
2015-01-11;17:30:41;87.975;15.40;1.58
2015-01-11;17:35:36;103.618;13.57;1.54
2015-01-11;17:40:44;108.993;12.63;1.84
2015-01-11;17:45:48;82.091;10.90;1.69
2015-01-11;17:50:37;68.725;13.23;1.50
2015-01-11;17:55:44;91.505;10.94;1.41
2015-01-11;18:00:41;104.2;14.40;1.38
2015-01-11;18:05:43;102.899;13.16;1.88
2015-01-11;18:10:43;108.188;14.82;1.32
2015-01-11;18:15:45;113.324;13.83;1.75
2015-01-11;18:20:39;91.306;8.91;1.71
2015-01-11;18:25:38;81.016;12.20;1.44
2015-01-11;18:30:40;107.062;12.51;1.44
2015-01-11;18:35:45;103.718;11.73;1.39
2015-01-11;18:40:40;117.659;14.48;1.72
2015-01-11;18:45:38;100.201;12.78;1.51
2015-01-11;18:50:40;72.092;12.31;1.35
2015-01-11;18:55:39;92.232;10.56;1.45
2015-01-11;19:00:42;100.829;15.95;1.03
2015-01-11;19:05:42;96.091;11.91;1.83
2015-01-11;19:10:38;93.912;12.41;1.61
2015-01-11;19:15:44;106.708;14.96;1.00
2015-01-11;19:20:37;107.496;14.02;1.53
2015-01-11;19:25:35;90.563;13.34;1.52
2015-01-11;19:30:43;99.643;11.41;1.70
2015-01-11;19:35:37;94.238;12.97;1.50
2015-01-11;19:41:22;88.138;12.81;1.29
2015-01-11;19:45:47;95.233;12.66;1.28
2015-01-11;19:50:43;91.776;14.00;1.85
2015-01-11;19:55:42;91.819;12.97;1.86
2015-01-11;20:00:45;77.283;17.81;1.11
2015-01-11;20:05:43;86.605;13.27;1.19
2015-01-11;20:10:39;102.609;14.22;1.51
2015-01-11;20:15:38;95.884;12.31;1.49
2015-01-11;20:20:36;99.253;10.98;1.58
2015-01-11;20:25:39;109.693;13.71;1.96
2015-01-11;20:30:43;114.611;12.31;1.58
2015-01-11;20:35:36;106.713;13.97;1.67
2015-01-11;20:40:38;106.99;12.99;1.56
2015-01-11;20:45:39;97.507;12.25;1.62
2015-01-11;20:50:33;92.545;10.83;1.43
2015-01-11;20:55:40;94.637;14.45;1.35
2015-01-11;21:00:36;111.726;11.87;1.44
2015-01-11;21:05:40;65.285;14.72;1.36
2015-01-11;21:10:44;110.194;11.76;1.82
2015-01-11;21:15:42;109.577;9.38;1.19
2015-01-11;21:20:43;93.661;13.45;1.65
2015-01-11;21:25:40;102.178;12.00;1.28
2015-01-11;21:30:43;63.608;15.86;0.99
2015-01-11;21:35:42;103.986;11.03;1.38
2015-01-11;21:40:40;104.243;11.36;1.54
2015-01-11;21:45:39;118.175;14.72;1.10
2015-01-11;21:50:39;74.221;12.52;1.44
2015-01-11;21:55:43;70.247;9.83;1.38
2015-01-11;22:00:41;101.09;16.62;1.30
2015-01-11;22:05:40;96.509;11.92;1.54
2015-01-11;22:10:43;77.767;14.52;1.23
